<testsuite failures="3" name="src/test/java/Features/Sample.feature" skipped="0" tests="6" time="19.83717">
  <testcase classname="src.test.java.Features.Sample" name="GET BookingIDs" time="4.113228">
    <system-out>Given url baseUrl ......................................................... passed
And path 'auth' ........................................................... passed
* def tokenPayload = ...................................................... passed
And request tokenPayload .................................................. passed
When method POST .......................................................... passed
* def token = "token="+response.token ..................................... passed
* print token ............................................................. passed
Given url baseUrl ......................................................... passed
And header Cookie = token ................................................. passed
* configure headers = {Content-Type : 'application/json', Accept : 'application/json', Authorization : 'Basic YWRtaW46cGFzc3dvcmQxMjM='} . passed
And path 'booking' ........................................................ passed
When method GET ........................................................... passed
Then status 200 ........................................................... passed
* print response .......................................................... passed</system-out>
  </testcase>
  <testcase classname="src.test.java.Features.Sample" name="GET Booking for an ID" time="2.04311">
    <system-out>Given url baseUrl ......................................................... passed
And path 'auth' ........................................................... passed
* def tokenPayload = ...................................................... passed
And request tokenPayload .................................................. passed
When method POST .......................................................... passed
* def token = "token="+response.token ..................................... passed
* print token ............................................................. passed
Given url baseUrl ......................................................... passed
And header Cookie = token ................................................. passed
* configure headers = {Content-Type : 'application/json', Accept : 'application/json', Authorization : 'Basic YWRtaW46cGFzc3dvcmQxMjM='} . passed
And path 'booking' ........................................................ passed
When method GET ........................................................... passed
Then status 200 ........................................................... passed
* print response .......................................................... passed
Given url baseUrl ......................................................... passed
And path 'auth' ........................................................... passed
* def tokenPayload = ...................................................... passed
And request tokenPayload .................................................. passed
When method POST .......................................................... passed
* def token = "token="+response.token ..................................... passed
* print token ............................................................. passed
Given url baseUrl ......................................................... passed
And header Cookie = token ................................................. passed
* configure headers = {Content-Type : 'application/json', Accept : 'application/json', Authorization : 'Basic YWRtaW46cGFzc3dvcmQxMjM='} . passed
And path 'booking/2481' ................................................... passed
When method GET ........................................................... passed
Then status 200 ........................................................... passed
* print response .......................................................... passed
* def jsonResponse = response ............................................. passed
* def actFirstName = jsonResponse.firstname ............................... passed
* def actLastName = jsonResponse.lastname ................................. passed
* match actFirstName == 'John' ............................................ passed
* match actLastName == 'Smith' ............................................ passed</system-out>
  </testcase>
  <testcase classname="src.test.java.Features.Sample" name="Create Booking POST" time="8.050883">
    <system-out>Given url baseUrl ......................................................... passed
And path 'auth' ........................................................... passed
* def tokenPayload = ...................................................... passed
And request tokenPayload .................................................. passed
When method POST .......................................................... passed
* def token = "token="+response.token ..................................... passed
* print token ............................................................. passed
Given url baseUrl ......................................................... passed
And header Cookie = token ................................................. passed
* configure headers = {Content-Type : 'application/json', Accept : 'application/json', Authorization : 'Basic YWRtaW46cGFzc3dvcmQxMjM='} . passed
And path 'booking' ........................................................ passed
When method GET ........................................................... passed
Then status 200 ........................................................... passed
* print response .......................................................... passed
Given url baseUrl ......................................................... passed
And path 'auth' ........................................................... passed
* def tokenPayload = ...................................................... passed
And request tokenPayload .................................................. passed
When method POST .......................................................... passed
* def token = "token="+response.token ..................................... passed
* print token ............................................................. passed
Given url baseUrl ......................................................... passed
And header Cookie = token ................................................. passed
* configure headers = {Content-Type : 'application/json', Accept : 'application/json', Authorization : 'Basic YWRtaW46cGFzc3dvcmQxMjM='} . passed
And path 'booking/2481' ................................................... passed
When method GET ........................................................... passed
Then status 200 ........................................................... passed
* print response .......................................................... passed
* def jsonResponse = response ............................................. passed
* def actFirstName = jsonResponse.firstname ............................... passed
* def actLastName = jsonResponse.lastname ................................. passed
* match actFirstName == 'John' ............................................ passed
* match actLastName == 'Smith' ............................................ passed
Given url baseUrl ......................................................... passed
And path 'auth' ........................................................... passed
* def tokenPayload = ...................................................... passed
And request tokenPayload .................................................. passed
When method POST .......................................................... passed
* def token = "token="+response.token ..................................... passed
* print token ............................................................. passed
Given url baseUrl ......................................................... passed
And header Cookie = token ................................................. passed
* configure headers = {Content-Type : 'application/json', Accept : 'application/json', Authorization : 'Basic YWRtaW46cGFzc3dvcmQxMjM='} . passed
* def bookingPayload = .................................................... passed
And path 'booking' ........................................................ passed
And request bookingPayload ................................................ passed
When method POST .......................................................... passed
Then status 200 ........................................................... passed
And match $.bookingid == "#present" ....................................... passed
And match $.booking.firstname == "Bijaya" ................................. passed
And match $.booking.lastname == "Laxmi" ................................... passed
* print response.bookingid ................................................ passed</system-out>
  </testcase>
  <testcase classname="src.test.java.Features.Sample" name="Update Booking PUT" time="1.880861">
    <failure message="Sample.feature:86 - status code was: 405, expected: 200, response time: 904, url: https://restful-booker.herokuapp.com/booking/4405, response: Method Not Allowed">Given url baseUrl ......................................................... passed
And path 'auth' ........................................................... passed
* def tokenPayload = ...................................................... passed
And request tokenPayload .................................................. passed
When method POST .......................................................... passed
* def token = "token="+response.token ..................................... passed
* print token ............................................................. passed
Given url baseUrl ......................................................... passed
And header Cookie = token ................................................. passed
* configure headers = {Content-Type : 'application/json', Accept : 'application/json', Authorization : 'Basic YWRtaW46cGFzc3dvcmQxMjM='} . passed
And path 'booking' ........................................................ passed
When method GET ........................................................... passed
Then status 200 ........................................................... passed
* print response .......................................................... passed
Given url baseUrl ......................................................... passed
And path 'auth' ........................................................... passed
* def tokenPayload = ...................................................... passed
And request tokenPayload .................................................. passed
When method POST .......................................................... passed
* def token = "token="+response.token ..................................... passed
* print token ............................................................. passed
Given url baseUrl ......................................................... passed
And header Cookie = token ................................................. passed
* configure headers = {Content-Type : 'application/json', Accept : 'application/json', Authorization : 'Basic YWRtaW46cGFzc3dvcmQxMjM='} . passed
And path 'booking/2481' ................................................... passed
When method GET ........................................................... passed
Then status 200 ........................................................... passed
* print response .......................................................... passed
* def jsonResponse = response ............................................. passed
* def actFirstName = jsonResponse.firstname ............................... passed
* def actLastName = jsonResponse.lastname ................................. passed
* match actFirstName == 'John' ............................................ passed
* match actLastName == 'Smith' ............................................ passed
Given url baseUrl ......................................................... passed
And path 'auth' ........................................................... passed
* def tokenPayload = ...................................................... passed
And request tokenPayload .................................................. passed
When method POST .......................................................... passed
* def token = "token="+response.token ..................................... passed
* print token ............................................................. passed
Given url baseUrl ......................................................... passed
And header Cookie = token ................................................. passed
* configure headers = {Content-Type : 'application/json', Accept : 'application/json', Authorization : 'Basic YWRtaW46cGFzc3dvcmQxMjM='} . passed
* def bookingPayload = .................................................... passed
And path 'booking' ........................................................ passed
And request bookingPayload ................................................ passed
When method POST .......................................................... passed
Then status 200 ........................................................... passed
And match $.bookingid == "#present" ....................................... passed
And match $.booking.firstname == "Bijaya" ................................. passed
And match $.booking.lastname == "Laxmi" ................................... passed
* print response.bookingid ................................................ passed
Given url baseUrl ......................................................... passed
And path 'auth' ........................................................... passed
* def tokenPayload = ...................................................... passed
And request tokenPayload .................................................. passed
When method POST .......................................................... passed
* def token = "token="+response.token ..................................... passed
* print token ............................................................. passed
Given url baseUrl ......................................................... passed
And header Cookie = token ................................................. passed
* configure headers = {Content-Type : 'application/json', Accept : 'application/json', Authorization : 'Basic YWRtaW46cGFzc3dvcmQxMjM='} . passed
* def bookingPayload = .................................................... passed
And path 'booking/4405' ................................................... passed
And request bookingPayload ................................................ passed
When method PUT ........................................................... passed
Then status 200 ........................................................... failed

Stack Trace:
com.intuit.karate.exception.KarateException: Sample.feature:86 - status code was: 405, expected: 200, response time: 904, url: https://restful-booker.herokuapp.com/booking/4405, response: Method Not Allowed&#13;
	at ✽.Then status 200 (Sample.feature:86)&#13;

And match $.booking.firstname == "Bijaya1" ................................ skipped
And match $.booking.lastname == "Laxmi1" .................................. skipped</failure>
  </testcase>
  <testcase classname="src.test.java.Features.Sample" name="Update Booking PATCH" time="1.87692">
    <failure message="Sample.feature:103 - status code was: 405, expected: 200, response time: 935, url: https://restful-booker.herokuapp.com/booking/4405, response: Method Not Allowed">Given url baseUrl ......................................................... passed
And path 'auth' ........................................................... passed
* def tokenPayload = ...................................................... passed
And request tokenPayload .................................................. passed
When method POST .......................................................... passed
* def token = "token="+response.token ..................................... passed
* print token ............................................................. passed
Given url baseUrl ......................................................... passed
And header Cookie = token ................................................. passed
* configure headers = {Content-Type : 'application/json', Accept : 'application/json', Authorization : 'Basic YWRtaW46cGFzc3dvcmQxMjM='} . passed
And path 'booking' ........................................................ passed
When method GET ........................................................... passed
Then status 200 ........................................................... passed
* print response .......................................................... passed
Given url baseUrl ......................................................... passed
And path 'auth' ........................................................... passed
* def tokenPayload = ...................................................... passed
And request tokenPayload .................................................. passed
When method POST .......................................................... passed
* def token = "token="+response.token ..................................... passed
* print token ............................................................. passed
Given url baseUrl ......................................................... passed
And header Cookie = token ................................................. passed
* configure headers = {Content-Type : 'application/json', Accept : 'application/json', Authorization : 'Basic YWRtaW46cGFzc3dvcmQxMjM='} . passed
And path 'booking/2481' ................................................... passed
When method GET ........................................................... passed
Then status 200 ........................................................... passed
* print response .......................................................... passed
* def jsonResponse = response ............................................. passed
* def actFirstName = jsonResponse.firstname ............................... passed
* def actLastName = jsonResponse.lastname ................................. passed
* match actFirstName == 'John' ............................................ passed
* match actLastName == 'Smith' ............................................ passed
Given url baseUrl ......................................................... passed
And path 'auth' ........................................................... passed
* def tokenPayload = ...................................................... passed
And request tokenPayload .................................................. passed
When method POST .......................................................... passed
* def token = "token="+response.token ..................................... passed
* print token ............................................................. passed
Given url baseUrl ......................................................... passed
And header Cookie = token ................................................. passed
* configure headers = {Content-Type : 'application/json', Accept : 'application/json', Authorization : 'Basic YWRtaW46cGFzc3dvcmQxMjM='} . passed
* def bookingPayload = .................................................... passed
And path 'booking' ........................................................ passed
And request bookingPayload ................................................ passed
When method POST .......................................................... passed
Then status 200 ........................................................... passed
And match $.bookingid == "#present" ....................................... passed
And match $.booking.firstname == "Bijaya" ................................. passed
And match $.booking.lastname == "Laxmi" ................................... passed
* print response.bookingid ................................................ passed
Given url baseUrl ......................................................... passed
And path 'auth' ........................................................... passed
* def tokenPayload = ...................................................... passed
And request tokenPayload .................................................. passed
When method POST .......................................................... passed
* def token = "token="+response.token ..................................... passed
* print token ............................................................. passed
Given url baseUrl ......................................................... passed
And header Cookie = token ................................................. passed
* configure headers = {Content-Type : 'application/json', Accept : 'application/json', Authorization : 'Basic YWRtaW46cGFzc3dvcmQxMjM='} . passed
* def bookingPayload = .................................................... passed
And path 'booking/4405' ................................................... passed
And request bookingPayload ................................................ passed
When method PUT ........................................................... passed
Then status 200 ........................................................... failed

Stack Trace:
com.intuit.karate.exception.KarateException: Sample.feature:86 - status code was: 405, expected: 200, response time: 904, url: https://restful-booker.herokuapp.com/booking/4405, response: Method Not Allowed&#13;
	at ✽.Then status 200 (Sample.feature:86)&#13;

And match $.booking.firstname == "Bijaya1" ................................ skipped
And match $.booking.lastname == "Laxmi1" .................................. skipped
Given url baseUrl ......................................................... passed
And path 'auth' ........................................................... passed
* def tokenPayload = ...................................................... passed
And request tokenPayload .................................................. passed
When method POST .......................................................... passed
* def token = "token="+response.token ..................................... passed
* print token ............................................................. passed
Given url baseUrl ......................................................... passed
And header Cookie = token ................................................. passed
* configure headers = {Content-Type : 'application/json', Accept : 'application/json', Authorization : 'Basic YWRtaW46cGFzc3dvcmQxMjM='} . passed
* def bookingPayload = .................................................... passed
And path 'booking/4405' ................................................... passed
And request bookingPayload ................................................ passed
When method PATCH ......................................................... passed
Then status 200 ........................................................... failed

Stack Trace:
com.intuit.karate.exception.KarateException: Sample.feature:103 - status code was: 405, expected: 200, response time: 935, url: https://restful-booker.herokuapp.com/booking/4405, response: Method Not Allowed&#13;
	at ✽.Then status 200 (Sample.feature:103)&#13;

And match $.booking.firstname == "Bijaya2" ................................ skipped
And match $.booking.lastname == "Laxmi2" .................................. skipped</failure>
  </testcase>
  <testcase classname="src.test.java.Features.Sample" name="DELETE Booking" time="1.872167">
    <failure message="Sample.feature:111 - status code was: 405, expected: 201, response time: 933, url: https://restful-booker.herokuapp.com/booking/4405, response: Method Not Allowed">Given url baseUrl ......................................................... passed
And path 'auth' ........................................................... passed
* def tokenPayload = ...................................................... passed
And request tokenPayload .................................................. passed
When method POST .......................................................... passed
* def token = "token="+response.token ..................................... passed
* print token ............................................................. passed
Given url baseUrl ......................................................... passed
And header Cookie = token ................................................. passed
* configure headers = {Content-Type : 'application/json', Accept : 'application/json', Authorization : 'Basic YWRtaW46cGFzc3dvcmQxMjM='} . passed
And path 'booking' ........................................................ passed
When method GET ........................................................... passed
Then status 200 ........................................................... passed
* print response .......................................................... passed
Given url baseUrl ......................................................... passed
And path 'auth' ........................................................... passed
* def tokenPayload = ...................................................... passed
And request tokenPayload .................................................. passed
When method POST .......................................................... passed
* def token = "token="+response.token ..................................... passed
* print token ............................................................. passed
Given url baseUrl ......................................................... passed
And header Cookie = token ................................................. passed
* configure headers = {Content-Type : 'application/json', Accept : 'application/json', Authorization : 'Basic YWRtaW46cGFzc3dvcmQxMjM='} . passed
And path 'booking/2481' ................................................... passed
When method GET ........................................................... passed
Then status 200 ........................................................... passed
* print response .......................................................... passed
* def jsonResponse = response ............................................. passed
* def actFirstName = jsonResponse.firstname ............................... passed
* def actLastName = jsonResponse.lastname ................................. passed
* match actFirstName == 'John' ............................................ passed
* match actLastName == 'Smith' ............................................ passed
Given url baseUrl ......................................................... passed
And path 'auth' ........................................................... passed
* def tokenPayload = ...................................................... passed
And request tokenPayload .................................................. passed
When method POST .......................................................... passed
* def token = "token="+response.token ..................................... passed
* print token ............................................................. passed
Given url baseUrl ......................................................... passed
And header Cookie = token ................................................. passed
* configure headers = {Content-Type : 'application/json', Accept : 'application/json', Authorization : 'Basic YWRtaW46cGFzc3dvcmQxMjM='} . passed
* def bookingPayload = .................................................... passed
And path 'booking' ........................................................ passed
And request bookingPayload ................................................ passed
When method POST .......................................................... passed
Then status 200 ........................................................... passed
And match $.bookingid == "#present" ....................................... passed
And match $.booking.firstname == "Bijaya" ................................. passed
And match $.booking.lastname == "Laxmi" ................................... passed
* print response.bookingid ................................................ passed
Given url baseUrl ......................................................... passed
And path 'auth' ........................................................... passed
* def tokenPayload = ...................................................... passed
And request tokenPayload .................................................. passed
When method POST .......................................................... passed
* def token = "token="+response.token ..................................... passed
* print token ............................................................. passed
Given url baseUrl ......................................................... passed
And header Cookie = token ................................................. passed
* configure headers = {Content-Type : 'application/json', Accept : 'application/json', Authorization : 'Basic YWRtaW46cGFzc3dvcmQxMjM='} . passed
* def bookingPayload = .................................................... passed
And path 'booking/4405' ................................................... passed
And request bookingPayload ................................................ passed
When method PUT ........................................................... passed
Then status 200 ........................................................... failed

Stack Trace:
com.intuit.karate.exception.KarateException: Sample.feature:86 - status code was: 405, expected: 200, response time: 904, url: https://restful-booker.herokuapp.com/booking/4405, response: Method Not Allowed&#13;
	at ✽.Then status 200 (Sample.feature:86)&#13;

And match $.booking.firstname == "Bijaya1" ................................ skipped
And match $.booking.lastname == "Laxmi1" .................................. skipped
Given url baseUrl ......................................................... passed
And path 'auth' ........................................................... passed
* def tokenPayload = ...................................................... passed
And request tokenPayload .................................................. passed
When method POST .......................................................... passed
* def token = "token="+response.token ..................................... passed
* print token ............................................................. passed
Given url baseUrl ......................................................... passed
And header Cookie = token ................................................. passed
* configure headers = {Content-Type : 'application/json', Accept : 'application/json', Authorization : 'Basic YWRtaW46cGFzc3dvcmQxMjM='} . passed
* def bookingPayload = .................................................... passed
And path 'booking/4405' ................................................... passed
And request bookingPayload ................................................ passed
When method PATCH ......................................................... passed
Then status 200 ........................................................... failed

Stack Trace:
com.intuit.karate.exception.KarateException: Sample.feature:103 - status code was: 405, expected: 200, response time: 935, url: https://restful-booker.herokuapp.com/booking/4405, response: Method Not Allowed&#13;
	at ✽.Then status 200 (Sample.feature:103)&#13;

And match $.booking.firstname == "Bijaya2" ................................ skipped
And match $.booking.lastname == "Laxmi2" .................................. skipped
Given url baseUrl ......................................................... passed
And path 'auth' ........................................................... passed
* def tokenPayload = ...................................................... passed
And request tokenPayload .................................................. passed
When method POST .......................................................... passed
* def token = "token="+response.token ..................................... passed
* print token ............................................................. passed
Given url baseUrl ......................................................... passed
And header Cookie = token ................................................. passed
* configure headers = {Content-Type : 'application/json', Accept : 'application/json', Authorization : 'Basic YWRtaW46cGFzc3dvcmQxMjM='} . passed
And path 'booking/4405' ................................................... passed
When method DELETE ........................................................ passed
Then status 201 ........................................................... failed

Stack Trace:
com.intuit.karate.exception.KarateException: Sample.feature:111 - status code was: 405, expected: 201, response time: 933, url: https://restful-booker.herokuapp.com/booking/4405, response: Method Not Allowed&#13;
	at ✽.Then status 201 (Sample.feature:111)</failure>
  </testcase>
</testsuite>
